TN:
SF:/proj_sw/user_dev/ajankovic/tt-llk/tests/helpers/src/trisc.cpp
FN:35,main
FNDA:0,main
DA:35,0
DA:45,0
DA:52,0
DA:54,0
DA:55,0
DA:63,0
DA:65,0
DA:66,0
DA:69,0
DA:70,0
end_of_record
SF:/proj_sw/user_dev/ajankovic/tt-llk/tests/sfpi/compiler/riscv-tt-elf/include/c++/15.1.0/bits/stl_algobase.h
DA:897,0
DA:906,0
DA:923,0
DA:924,0
DA:925,0
DA:978,0
DA:979,0
DA:1004,0
DA:1011,0
end_of_record
SF:/proj_sw/user_dev/ajankovic/tt-llk/tt_llk_wormhole_b0/common/inc/ckernel.h
DA:80,0
DA:82,0
DA:83,0
DA:85,0
DA:88,0
DA:234,0
DA:236,0
DA:239,0
DA:241,0
end_of_record
