TN:
SF:/proj_sw/user_dev/ajankovic/tt-llk/tests/helpers/include/operand.h
FNF:0
FNH:0
DA:16,6
DA:18,6
LF:2
LH:2
end_of_record
TN:
SF:/proj_sw/user_dev/ajankovic/tt-llk/tests/helpers/include/params.h
FNF:0
FNH:0
DA:17,6
DA:22,6
LF:2
LH:2
end_of_record
TN:
SF:/proj_sw/user_dev/ajankovic/tt-llk/tests/helpers/src/trisc.cpp
FN:35,main
FNDA:24,main
FNF:1
FNH:1
DA:35,24
DA:45,8
DA:47,8
DA:49,8
DA:52,24
DA:54,24
DA:55,24
DA:63,24
DA:65,24
DA:66,24
DA:69,24
DA:70,24
LF:12
LH:12
end_of_record
TN:
SF:/proj_sw/user_dev/ajankovic/tt-llk/tests/sfpi/compiler/riscv-tt-elf/include/c++/15.1.0/bits/stl_algobase.h
FNF:0
FNH:0
DA:897,24
DA:906,24
DA:923,24
DA:924,1560
DA:925,1536
DA:978,24
DA:979,24
DA:1004,24
DA:1011,24
LF:9
LH:9
end_of_record
TN:
SF:/proj_sw/user_dev/ajankovic/tt-llk/tests/sfpi/include/lltt.h
FNF:0
FNH:0
DA:27,16
DA:28,16
DA:36,16
DA:38,16
LF:4
LH:4
end_of_record
TN:
SF:/proj_sw/user_dev/ajankovic/tt-llk/tests/sources/matmul_test.cpp
FN:22,_Z10run_kernelv
FNDA:24,_Z10run_kernelv
FNF:1
FNH:1
DA:22,8
DA:24,16
DA:28,8
DA:36,8
DA:37,25
DA:39,17
DA:54,8
DA:64,8
DA:66,8
DA:67,8
DA:68,8
DA:69,8
DA:70,25
DA:72,17
DA:74,8
DA:75,8
DA:85,8
DA:88,8
DA:89,8
DA:90,8
DA:96,8
DA:97,19
DA:99,11
DA:101,8
DA:102,8
LF:25
LH:25
end_of_record
TN:
SF:/proj_sw/user_dev/ajankovic/tt-llk/tt_llk_blackhole/common/inc/ckernel.h
FNF:0
FNH:0
DA:89,48
DA:91,48
DA:92,48
DA:94,48
DA:97,48
DA:98,16
DA:100,24
DA:102,24
DA:103,24
DA:105,24
DA:108,24
DA:127,41
DA:129,41
DA:132,17
DA:134,17
DA:144,8
DA:148,8
DA:151,8
DA:156,25
DA:163,25
DA:184,16
DA:186,16
DA:189,16
DA:191,16
DA:215,41
DA:217,41
DA:219,41
DA:243,24
DA:245,24
DA:248,40
DA:250,40
DA:253,8
DA:256,8
DA:259,31
DA:261,31
DA:265,11
DA:267,11
DA:280,0
DA:282,0
DA:283,0
DA:284,0
DA:316,32
DA:318,32
DA:319,32
DA:320,32
DA:356,48
DA:358,40
DA:359,48
DA:363,32
DA:364,32
DA:366,32
DA:367,48
DA:371,32
DA:372,32
DA:375,24
DA:376,48
DA:380,16
DA:381,16
DA:384,40
DA:385,24
DA:388,24
DA:389,24
DA:391,0
DA:539,16
DA:548,16
DA:551,16
LF:66
LH:61
end_of_record
TN:
SF:/proj_sw/user_dev/ajankovic/tt-llk/tt_llk_blackhole/common/inc/ckernel_addrmod.h
FNF:0
FNH:0
DA:136,40
DA:140,40
DA:141,40
DA:142,40
DA:188,24
DA:190,8
LF:6
LH:6
end_of_record
TN:
SF:/proj_sw/user_dev/ajankovic/tt-llk/tt_llk_blackhole/common/inc/ckernel_template.h
FN:346,_ZN7ckernel16ckernel_template7programEv
FN:381,_ZNK7ckernel23ckernel_unpack_template7programEv
FNDA:16,_ZN7ckernel16ckernel_template7programEv
FNDA:8,_ZNK7ckernel23ckernel_unpack_template7programEv
FNF:2
FNH:2
DA:104,8
DA:114,8
DA:115,8
DA:116,8
DA:117,8
DA:118,8
DA:119,8
DA:120,8
DA:121,8
DA:122,8
DA:123,8
DA:268,16
DA:269,16
DA:270,16
DA:271,16
DA:272,16
DA:273,16
DA:274,16
DA:275,16
DA:277,16
DA:278,16
DA:294,16
DA:297,16
DA:325,8
DA:327,8
DA:330,8
DA:332,8
DA:341,23
DA:343,23
DA:346,16
DA:348,16
DA:350,16
DA:352,16
DA:353,16
DA:354,16
DA:355,16
DA:356,16
DA:357,16
DA:358,16
DA:359,16
DA:360,16
DA:361,16
DA:381,8
DA:383,8
DA:385,8
DA:387,8
DA:388,8
DA:389,8
DA:390,8
DA:391,8
DA:392,8
DA:393,8
DA:394,8
DA:395,8
LF:54
LH:54
end_of_record
TN:
SF:/proj_sw/user_dev/ajankovic/tt-llk/tt_llk_blackhole/common/inc/cmath_common.h
FNF:0
FNH:0
DA:43,8
DA:45,8
DA:130,8
DA:133,16
DA:153,23
DA:157,23
DA:158,23
DA:165,23
DA:188,8
DA:190,8
DA:193,8
DA:195,8
DA:196,8
DA:197,8
DA:198,8
DA:202,8
DA:207,8
DA:213,8
LF:18
LH:18
end_of_record
TN:
SF:/proj_sw/user_dev/ajankovic/tt-llk/tt_llk_blackhole/common/inc/cpack_common.h
FN:165,_ZN7ckernel6packer18set_packer_stridesILb0ELb0EEEvmmm
FN:200,_ZN7ckernel6packer17set_packer_configILb0EEEvmmmb
FN:390,_ZN7ckernel6packer14configure_packILb0ELb0ELb0EEEvmmmmmmbbm
FNDA:8,_ZN7ckernel6packer14configure_packILb0ELb0ELb0EEEvmmmmmmbbm
FNDA:8,_ZN7ckernel6packer17set_packer_configILb0EEEvmmmb
FNDA:8,_ZN7ckernel6packer18set_packer_stridesILb0ELb0EEEvmmm
FNF:3
FNH:3
DA:158,8
DA:160,8
DA:161,8
DA:165,8
DA:167,8
DA:170,8
DA:171,8
DA:175,8
DA:177,8
DA:178,8
DA:179,8
DA:180,8
DA:181,8
DA:182,8
DA:183,8
DA:184,8
DA:185,8
DA:197,8
DA:200,8
DA:203,8
DA:205,8
DA:206,8
DA:210,32
DA:212,24
DA:215,8
DA:216,8
DA:220,8
DA:221,8
DA:222,8
DA:261,8
DA:262,8
DA:266,8
DA:268,16
DA:269,8
DA:271,8
DA:273,8
DA:274,8
DA:276,8
DA:278,0
DA:286,8
DA:289,8
DA:290,8
DA:291,8
DA:390,8
DA:402,8
DA:404,8
DA:406,8
DA:408,8
DA:411,8
DA:413,0
DA:416,8
DA:420,8
DA:421,8
DA:423,8
DA:424,8
DA:426,8
DA:428,8
DA:435,8
DA:436,8
DA:438,40
DA:440,32
DA:447,8
DA:448,8
DA:450,8
DA:451,8
DA:452,8
DA:453,8
DA:454,8
DA:457,8
DA:458,8
DA:460,8
DA:462,8
DA:470,8
DA:472,8
DA:478,8
DA:486,16
DA:488,16
DA:489,16
DA:493,11
DA:501,11
DA:502,11
DA:503,11
DA:505,11
DA:506,11
DA:508,11
DA:509,11
LF:86
LH:84
end_of_record
TN:
SF:/proj_sw/user_dev/ajankovic/tt-llk/tt_llk_blackhole/common/inc/cunpack_common.h
FN:206,_ZN7ckernel8unpacker19configure_unpack_ABILb0ELb0ELb0ELb0ELb0EEEvmmmmmmbmm
FNDA:8,_ZN7ckernel8unpacker19configure_unpack_ABILb0ELb0ELb0ELb0ELb0EEEvmmmmmmbmm
FNF:1
FNH:1
DA:116,8
DA:118,8
DA:119,8
DA:162,17
DA:164,17
DA:169,17
DA:172,17
DA:173,17
DA:175,6
DA:179,11
DA:183,8
DA:186,8
DA:187,8
DA:191,8
DA:193,8
DA:206,8
DA:223,8
DA:224,8
DA:225,8
DA:226,8
DA:229,8
DA:231,8
DA:234,8
DA:237,8
DA:238,8
DA:239,8
DA:242,8
DA:246,8
DA:251,8
DA:252,8
DA:254,8
DA:255,8
DA:257,8
DA:259,8
DA:260,16
DA:261,8
DA:263,8
DA:265,8
DA:267,0
DA:269,8
DA:271,0
DA:278,8
DA:281,8
DA:286,8
DA:288,8
DA:290,8
DA:295,8
DA:298,8
DA:300,0
DA:303,8
DA:305,0
DA:308,8
DA:312,24
DA:314,16
DA:316,8
DA:317,8
DA:318,8
DA:319,8
DA:320,8
DA:323,24
DA:325,16
DA:327,8
DA:328,8
DA:329,8
DA:330,24
DA:332,16
DA:337,24
DA:339,16
DA:341,8
DA:342,8
DA:343,8
DA:344,8
DA:348,8
DA:349,8
DA:352,24
DA:354,16
DA:357,8
DA:358,8
DA:360,24
DA:362,16
DA:365,8
DA:366,8
DA:367,8
DA:371,8
DA:372,8
DA:373,8
DA:377,8
DA:378,8
DA:380,8
DA:381,8
DA:382,8
DA:383,8
DA:384,8
DA:385,8
DA:386,8
DA:388,8
DA:393,8
DA:403,8
DA:405,0
DA:411,8
LF:100
LH:95
end_of_record
TN:
SF:/proj_sw/user_dev/ajankovic/tt-llk/tt_llk_blackhole/llk_lib/llk_math_common.h
FN:17,_Z23_llk_math_hw_configure_ILb0ELb0EEvmm
FNDA:8,_Z23_llk_math_hw_configure_ILb0ELb0EEvmm
FNF:1
FNH:1
DA:17,8
DA:21,8
DA:22,8
DA:28,8
DA:29,8
DA:32,8
DA:36,8
DA:37,8
DA:38,16
DA:39,8
DA:41,8
DA:44,8
DA:52,8
DA:57,8
DA:63,8
DA:65,8
DA:66,8
DA:78,8
LF:18
LH:18
end_of_record
TN:
SF:/proj_sw/user_dev/ajankovic/tt-llk/tt_llk_blackhole/llk_lib/llk_math_matmul.h
FN:22,_Z24matmul_configure_addrmodILi0ELN7ckernel17DstTileFaceLayoutE0ELi0EEvbmmmmmmmb
FN:282,_Z20matmul_configure_mopILi0ELN7ckernel17DstTileFaceLayoutE0EEvbmmmmmmmb
FN:427,_Z22run_throttled_sequenceILi1EEvv
FN:442,_Z22run_throttled_sequenceILi2EEvv
FN:458,_Z22run_throttled_sequenceILi3EEvv
FN:478,_Z22run_throttled_sequenceILi4EEvv
FN:492,_Z22run_throttled_sequenceILi5EEvv
FN:601,_Z22_llk_math_matmul_init_ILi0ELN7ckernel17DstTileFaceLayoutE0ELi0EEvmmmmbmmmm
FN:630,_Z17_llk_math_matmul_ILi0ELN7ckernel17DstTileFaceLayoutE0ELi0EEvmbmmm
FNDA:0,_Z22run_throttled_sequenceILi2EEvv
FNDA:8,_Z24matmul_configure_addrmodILi0ELN7ckernel17DstTileFaceLayoutE0ELi0EEvbmmmmmmmb
FNDA:17,_Z17_llk_math_matmul_ILi0ELN7ckernel17DstTileFaceLayoutE0ELi0EEvmbmmm
FNDA:8,_Z20matmul_configure_mopILi0ELN7ckernel17DstTileFaceLayoutE0EEvbmmmmmmmb
FNDA:8,_Z22_llk_math_matmul_init_ILi0ELN7ckernel17DstTileFaceLayoutE0ELi0EEvmmmmbmmmm
FNDA:0,_Z22run_throttled_sequenceILi5EEvv
FNDA:0,_Z22run_throttled_sequenceILi4EEvv
FNDA:0,_Z22run_throttled_sequenceILi1EEvv
FNDA:0,_Z22run_throttled_sequenceILi3EEvv
FNF:9
FNH:4
DA:22,8
DA:33,8
DA:34,8
DA:35,8
DA:37,8
DA:38,8
DA:39,8
DA:55,8
DA:64,8
DA:78,8
DA:80,0
DA:87,0
DA:96,0
DA:101,8
DA:108,0
DA:112,8
DA:119,0
DA:129,16
DA:134,8
DA:139,0
DA:141,8
DA:143,0
DA:145,0
DA:151,0
DA:159,0
DA:164,0
DA:171,0
DA:180,0
DA:191,16
DA:194,8
DA:196,0
DA:198,0
DA:206,0
DA:214,0
DA:219,0
DA:227,0
DA:235,0
DA:239,8
DA:245,0
DA:247,8
DA:253,0
DA:257,8
DA:265,0
DA:276,16
DA:279,8
DA:282,8
DA:301,8
DA:303,8
DA:306,8
DA:307,8
DA:308,8
DA:309,8
DA:311,8
DA:312,8
DA:314,8
DA:318,8
DA:320,8
DA:322,0
DA:324,0
DA:325,0
DA:326,0
DA:330,0
DA:331,0
DA:332,0
DA:333,0
DA:335,0
DA:336,0
DA:337,0
DA:340,8
DA:342,0
DA:344,0
DA:345,0
DA:346,0
DA:350,0
DA:351,0
DA:352,0
DA:353,0
DA:356,0
DA:357,0
DA:358,0
DA:363,8
DA:364,8
DA:365,8
DA:366,8
DA:368,8
DA:369,8
DA:370,8
DA:371,8
DA:374,8
DA:376,8
DA:377,8
DA:378,8
DA:379,8
DA:381,8
DA:382,8
DA:383,8
DA:394,8
DA:396,8
DA:400,0
DA:406,8
DA:407,8
DA:420,8
DA:421,8
DA:427,0
DA:429,0
DA:430,0
DA:431,0
DA:432,0
DA:433,0
DA:434,0
DA:435,0
DA:436,0
DA:437,0
DA:438,0
DA:439,0
DA:442,0
DA:444,0
DA:445,0
DA:446,0
DA:447,0
DA:448,0
DA:449,0
DA:450,0
DA:451,0
DA:452,0
DA:453,0
DA:454,0
DA:455,0
DA:458,0
DA:460,0
DA:461,0
DA:462,0
DA:463,0
DA:464,0
DA:465,0
DA:466,0
DA:467,0
DA:468,0
DA:469,0
DA:470,0
DA:471,0
DA:472,0
DA:473,0
DA:474,0
DA:475,0
DA:478,0
DA:480,0
DA:481,0
DA:482,0
DA:483,0
DA:484,0
DA:485,0
DA:486,0
DA:487,0
DA:488,0
DA:489,0
DA:492,0
DA:494,0
DA:495,0
DA:496,0
DA:497,0
DA:498,0
DA:499,0
DA:500,0
DA:501,0
DA:502,0
DA:503,0
DA:504,0
DA:505,0
DA:601,8
DA:612,8
DA:615,8
DA:623,8
DA:626,8
DA:627,8
DA:630,17
DA:637,17
DA:638,17
DA:639,17
DA:640,17
DA:641,17
DA:643,34
DA:645,40
DA:647,46
DA:670,23
DA:672,17
DA:674,17
DA:678,0
DA:683,17
LF:189
LH:76
end_of_record
TN:
SF:/proj_sw/user_dev/ajankovic/tt-llk/tt_llk_blackhole/llk_lib/llk_pack.h
FN:77,_Z21_llk_pack_mop_config_ILb0ELb0ELN7ckernel17DstTileFaceLayoutE0ELb0ELb0EEvmmmmbb
FN:618,_Z10_llk_pack_ILN7ckernel7DstSyncE0ELb0ELb0EEvmm
FNDA:8,_Z21_llk_pack_mop_config_ILb0ELb0ELN7ckernel17DstTileFaceLayoutE0ELb0ELb0EEvmmmmbb
FNDA:11,_Z10_llk_pack_ILN7ckernel7DstSyncE0ELb0ELb0EEvmm
FNF:2
FNH:2
DA:20,8
DA:52,16
DA:60,8
DA:67,8
DA:77,8
DA:87,8
DA:88,8
DA:409,8
DA:411,8
DA:412,8
DA:414,8
DA:417,8
DA:430,8
DA:443,8
DA:470,8
DA:471,8
DA:472,8
DA:498,8
DA:509,8
DA:582,8
DA:591,8
DA:618,11
DA:620,11
DA:622,11
DA:624,11
DA:626,11
DA:627,11
LF:27
LH:27
end_of_record
TN:
SF:/proj_sw/user_dev/ajankovic/tt-llk/tt_llk_blackhole/llk_lib/llk_pack_common.h
FNF:0
FNH:0
DA:19,8
DA:21,8
DA:26,8
DA:28,8
DA:35,8
DA:37,8
DA:46,8
DA:60,8
DA:63,8
DA:66,8
DA:67,8
DA:69,8
DA:74,8
DA:76,8
DA:77,8
DA:78,8
DA:80,8
LF:17
LH:17
end_of_record
TN:
SF:/proj_sw/user_dev/ajankovic/tt-llk/tt_llk_blackhole/llk_lib/llk_unpack_AB_matmul.h
FN:21,_Z33_llk_unpack_AB_matmul_mop_config_ILm0ELm0EEvbmmmbb
FN:285,_Z22_llk_unpack_AB_matmul_ILm0ELm0EEvmmmmmmmmbbmmm
FNDA:17,_Z22_llk_unpack_AB_matmul_ILm0ELm0EEvmmmmmmmmbbmmm
FNDA:8,_Z33_llk_unpack_AB_matmul_mop_config_ILm0ELm0EEvbmmmbb
FNF:2
FNH:2
DA:21,8
DA:32,8
DA:33,8
DA:34,8
DA:36,8
DA:39,8
DA:43,8
DA:45,8
DA:47,0
DA:48,0
DA:50,0
DA:52,0
DA:56,8
DA:67,8
DA:68,8
DA:69,8
DA:70,8
DA:73,8
DA:75,8
DA:77,0
DA:78,0
DA:80,0
DA:82,0
DA:86,8
DA:97,8
DA:98,8
DA:99,8
DA:100,8
DA:103,8
DA:109,0
DA:113,0
DA:115,0
DA:117,0
DA:118,0
DA:120,0
DA:122,0
DA:126,0
DA:137,0
DA:138,0
DA:139,0
DA:140,0
DA:143,0
DA:145,0
DA:147,0
DA:148,0
DA:150,0
DA:152,0
DA:156,0
DA:167,0
DA:168,0
DA:169,0
DA:170,0
DA:173,0
DA:177,8
DA:188,8
DA:189,8
DA:192,8
DA:205,8
DA:206,8
DA:207,8
DA:208,8
DA:210,8
DA:222,8
DA:223,8
DA:224,8
DA:225,8
DA:227,8
DA:228,8
DA:229,8
DA:233,8
DA:249,8
DA:251,8
DA:261,8
DA:262,8
DA:275,8
DA:276,8
DA:279,8
DA:281,8
DA:285,17
DA:303,17
DA:305,17
DA:306,17
DA:308,17
DA:310,0
DA:313,34
DA:315,17
DA:316,17
DA:326,17
DA:327,17
DA:330,17
DA:333,17
DA:335,11
DA:336,11
DA:340,6
DA:341,6
DA:344,17
DA:347,17
DA:349,17
DA:351,17
DA:353,0
DA:355,0
DA:357,0
DA:359,0
DA:363,17
DA:368,0
DA:371,0
DA:372,0
DA:374,0
DA:376,0
DA:380,0
DA:384,23
DA:387,17
DA:390,17
DA:392,17
LF:114
LH:71
end_of_record
