<?xml version="1.0" encoding="utf-8"?><testsuites name="pytest tests"><testsuite name="pytest" errors="0" failures="0" skipped="0" tests="4" time="8.815" timestamp="2025-11-05T13:38:15.726829+00:00" hostname="aus-wh-10-special-ajankovic-for-reservation-50190"><testcase classname="test_matmul_and_unary_sfpu" name="test_matmul_and_unary_sfpu[matmul_and_unary_sfpu_test-formats3-MathOperation.Hardsigmoid-ApproximationMode.Yes-DestAccumulation.No-MathFidelity.LoFi]" time="2.163" /><testcase classname="test_matmul_and_unary_sfpu" name="test_matmul_and_unary_sfpu[matmul_and_unary_sfpu_test-formats2-MathOperation.Hardsigmoid-ApproximationMode.Yes-DestAccumulation.Yes-MathFidelity.LoFi]" time="2.200" /><testcase classname="test_matmul_and_unary_sfpu" name="test_matmul_and_unary_sfpu[matmul_and_unary_sfpu_test-formats0-MathOperation.Hardsigmoid-ApproximationMode.No-DestAccumulation.Yes-MathFidelity.LoFi]" time="2.173" /><testcase classname="test_matmul_and_unary_sfpu" name="test_matmul_and_unary_sfpu[matmul_and_unary_sfpu_test-formats1-MathOperation.Hardsigmoid-ApproximationMode.No-DestAccumulation.No-MathFidelity.LoFi]" time="2.178" /></testsuite></testsuites>
